c:\users\mr zin\desktop\gameprogramingwithdirectx\git\gamedx\gamedx\debug\vc120.pdb
c:\users\mr zin\desktop\gameprogramingwithdirectx\git\gamedx\gamedx\debug\vc120.idb
c:\users\mr zin\desktop\gameprogramingwithdirectx\git\gamedx\gamedx\debug\keyboard.obj
c:\users\mr zin\desktop\gameprogramingwithdirectx\git\gamedx\gamedx\debug\sprite.obj
c:\users\mr zin\desktop\gameprogramingwithdirectx\git\gamedx\gamedx\debug\text.obj
c:\users\mr zin\desktop\gameprogramingwithdirectx\git\gamedx\gamedx\debug\timer.obj
c:\users\mr zin\desktop\gameprogramingwithdirectx\git\gamedx\gamedx\debug\windows.obj
c:\users\mr zin\desktop\gameprogramingwithdirectx\git\gamedx\gamedx\debug\baseentity.obj
c:\users\mr zin\desktop\gameprogramingwithdirectx\git\gamedx\gamedx\debug\player.obj
c:\users\mr zin\desktop\gameprogramingwithdirectx\git\gamedx\gamedx\debug\game.obj
c:\users\mr zin\desktop\gameprogramingwithdirectx\git\gamedx\gamedx\debug\menuscene.obj
c:\users\mr zin\desktop\gameprogramingwithdirectx\git\gamedx\gamedx\debug\test.obj
c:\users\mr zin\desktop\gameprogramingwithdirectx\git\gamedx\gamedx\debug\winmain.obj
c:\users\mr zin\desktop\gameprogramingwithdirectx\git\gamedx\gamedx\debug\camera.obj
c:\users\mr zin\desktop\gameprogramingwithdirectx\git\gamedx\debug\gamedx.ilk
c:\users\mr zin\desktop\gameprogramingwithdirectx\git\gamedx\debug\gamedx.exe
c:\users\mr zin\desktop\gameprogramingwithdirectx\git\gamedx\debug\gamedx.pdb
c:\users\mr zin\desktop\gameprogramingwithdirectx\git\gamedx\gamedx\debug\gamedx.tlog\cl.command.1.tlog
c:\users\mr zin\desktop\gameprogramingwithdirectx\git\gamedx\gamedx\debug\gamedx.tlog\cl.read.1.tlog
c:\users\mr zin\desktop\gameprogramingwithdirectx\git\gamedx\gamedx\debug\gamedx.tlog\cl.write.1.tlog
c:\users\mr zin\desktop\gameprogramingwithdirectx\git\gamedx\gamedx\debug\gamedx.tlog\link.command.1.tlog
c:\users\mr zin\desktop\gameprogramingwithdirectx\git\gamedx\gamedx\debug\gamedx.tlog\link.read.1.tlog
c:\users\mr zin\desktop\gameprogramingwithdirectx\git\gamedx\gamedx\debug\gamedx.tlog\link.write.1.tlog
